#
# There is insufficient memory for the Java Runtime Environment to continue.
# Native memory allocation (malloc) failed to allocate 1430544 bytes for Chunk::new
# Possible reasons:
#   The system is out of physical RAM or swap space
#   The process is running with CompressedOops enabled, and the Java Heap may be blocking the growth of the native heap
# Possible solutions:
#   Reduce memory load on the system
#   Increase physical memory or swap space
#   Check if swap backing store is full
#   Decrease Java heap size (-Xmx/-Xms)
#   Decrease number of Java threads
#   Decrease Java thread stack sizes (-Xss)
#   Set larger code cache with -XX:ReservedCodeCacheSize=
#   JVM is running with Unscaled Compressed Oops mode in which the Java heap is
#     placed in the first 4GB address space. The Java Heap base address is the
#     maximum limit for the native heap growth. Please use -XX:HeapBaseMinAddress
#     to set the Java Heap base and to place the Java Heap above 4GB virtual address.
# This output file may be truncated or incomplete.
#
#  Out of Memory Error (arena.cpp:168), pid=12760, tid=15604
#
# JRE version: Java(TM) SE Runtime Environment (21.0.2+13) (build 21.0.2+13-LTS-58)
# Java VM: Java HotSpot(TM) 64-Bit Server VM (21.0.2+13-LTS-58, mixed mode, sharing, tiered, compressed oops, compressed class ptrs, g1 gc, windows-amd64)
# No core dump will be written. Minidumps are not enabled by default on client versions of Windows
#

---------------  S U M M A R Y ------------

Command Line: -javaagent:E:\titiosf\IntelliJ IDEA Community Edition 2023.3.2\lib\idea_rt.jar=50577:E:\titiosf\IntelliJ IDEA Community Edition 2023.3.2\bin -Dfile.encoding=UTF-8 -Dsun.stdout.encoding=UTF-8 -Dsun.stderr.encoding=UTF-8 pe.edu.idat.ApigymApplication

Host: AMD Ryzen 5 3450U with Radeon Vega Mobile Gfx  , 8 cores, 5G,  Windows 10 , 64 bit Build 19041 (10.0.19041.3636)
Time: Sat Mar 23 20:50:57 2024 Hora est. Pacífico, Sudamérica elapsed time: 10020.574108 seconds (0d 2h 47m 0s)

---------------  T H R E A D  ---------------

Current thread (0x000001e7ffaa5320):  JavaThread "C2 CompilerThread0" daemon [_thread_in_native, id=15604, stack(0x000000c8d4800000,0x000000c8d4900000) (1024K)]


Current CompileTask:
C2:10020574 6286   !   4       jdk.internal.loader.BuiltinClassLoader::findClassOnClassPathOrNull (64 bytes)

Stack: [0x000000c8d4800000,0x000000c8d4900000]
Native frames: (J=compiled Java code, j=interpreted, Vv=VM code, C=native code)
V  [jvm.dll+0x6cade9]
V  [jvm.dll+0x8569c1]
V  [jvm.dll+0x858d2e]
V  [jvm.dll+0x859413]
V  [jvm.dll+0x280e56]
V  [jvm.dll+0xc3f3d]
V  [jvm.dll+0xc4473]
V  [jvm.dll+0x3b5c2c]
V  [jvm.dll+0x1e2013]
V  [jvm.dll+0x249d22]
V  [jvm.dll+0x2491b1]
V  [jvm.dll+0x1c9634]
V  [jvm.dll+0x258859]
V  [jvm.dll+0x256e3a]
V  [jvm.dll+0x3ef6c6]
V  [jvm.dll+0x7ff568]
V  [jvm.dll+0x6c953d]
C  [ucrtbase.dll+0x21bb2]
C  [KERNEL32.DLL+0x17344]
C  [ntdll.dll+0x526b1]


---------------  P R O C E S S  ---------------

Threads class SMR info:
_java_thread_list=0x000001e7c9ced060, length=29, elements={
0x000001e7ffa8fd70, 0x000001e7ffa90c90, 0x000001e7ffa939a0, 0x000001e7ffa971a0,
0x000001e7ffa9c4d0, 0x000001e7ffa9b120, 0x000001e7ffaa5320, 0x000001e7ffac8190,
0x000001e7ffa9b7b0, 0x000001e7ffa9aa90, 0x000001e7ffa9be40, 0x000001e7c9e72c20,
0x000001e7c9e711e0, 0x000001e7c9e72590, 0x000001e7c9e6fe30, 0x000001e7c9e73940,
0x000001e7c9e732b0, 0x000001e7c9e73fd0, 0x000001e7c9e6dd60, 0x000001e7c9e70b50,
0x000001e7c9e71870, 0x000001e7c9e6d040, 0x000001e7c9e74660, 0x000001e7c9e6e3f0,
0x000001e7c9e6d6d0, 0x000001e7c9e6f110, 0x000001e7c9e6f7a0, 0x000001e7ffa9d880,
0x000001e7ffa9cb60
}

Java Threads: ( => current thread )
  0x000001e7ffa8fd70 JavaThread "Reference Handler"          daemon [_thread_blocked, id=17388, stack(0x000000c8d4200000,0x000000c8d4300000) (1024K)]
  0x000001e7ffa90c90 JavaThread "Finalizer"                  daemon [_thread_blocked, id=12884, stack(0x000000c8d4300000,0x000000c8d4400000) (1024K)]
  0x000001e7ffa939a0 JavaThread "Signal Dispatcher"          daemon [_thread_blocked, id=16808, stack(0x000000c8d4400000,0x000000c8d4500000) (1024K)]
  0x000001e7ffa971a0 JavaThread "Attach Listener"            daemon [_thread_blocked, id=17308, stack(0x000000c8d4500000,0x000000c8d4600000) (1024K)]
  0x000001e7ffa9c4d0 JavaThread "Service Thread"             daemon [_thread_blocked, id=16516, stack(0x000000c8d4600000,0x000000c8d4700000) (1024K)]
  0x000001e7ffa9b120 JavaThread "Monitor Deflation Thread"   daemon [_thread_blocked, id=9608, stack(0x000000c8d4700000,0x000000c8d4800000) (1024K)]
=>0x000001e7ffaa5320 JavaThread "C2 CompilerThread0"         daemon [_thread_in_native, id=15604, stack(0x000000c8d4800000,0x000000c8d4900000) (1024K)]
  0x000001e7ffac8190 JavaThread "C1 CompilerThread0"         daemon [_thread_blocked, id=7744, stack(0x000000c8d4900000,0x000000c8d4a00000) (1024K)]
  0x000001e7ffa9b7b0 JavaThread "Common-Cleaner"             daemon [_thread_blocked, id=18132, stack(0x000000c8d4a00000,0x000000c8d4b00000) (1024K)]
  0x000001e7ffa9aa90 JavaThread "Monitor Ctrl-Break"         daemon [_thread_in_native, id=19568, stack(0x000000c8d4b00000,0x000000c8d4c00000) (1024K)]
  0x000001e7ffa9be40 JavaThread "Notification Thread"        daemon [_thread_blocked, id=9156, stack(0x000000c8d4c00000,0x000000c8d4d00000) (1024K)]
  0x000001e7c9e72c20 JavaThread "Catalina-utility-1"                [_thread_blocked, id=4152, stack(0x000000c8d5700000,0x000000c8d5800000) (1024K)]
  0x000001e7c9e711e0 JavaThread "Catalina-utility-2"                [_thread_blocked, id=17680, stack(0x000000c8d5800000,0x000000c8d5900000) (1024K)]
  0x000001e7c9e72590 JavaThread "container-0"                       [_thread_blocked, id=17120, stack(0x000000c8d5900000,0x000000c8d5a00000) (1024K)]
  0x000001e7c9e6fe30 JavaThread "File Watcher"               daemon [_thread_blocked, id=13376, stack(0x000000c8d5a00000,0x000000c8d5b00000) (1024K)]
  0x000001e7c9e73940 JavaThread "Live Reload Server"         daemon [_thread_in_native, id=8852, stack(0x000000c8d5c00000,0x000000c8d5d00000) (1024K)]
  0x000001e7c9e732b0 JavaThread "http-nio-9090-exec-1"       daemon [_thread_blocked, id=9032, stack(0x000000c8d5b00000,0x000000c8d5c00000) (1024K)]
  0x000001e7c9e73fd0 JavaThread "http-nio-9090-exec-2"       daemon [_thread_blocked, id=7364, stack(0x000000c8d5d00000,0x000000c8d5e00000) (1024K)]
  0x000001e7c9e6dd60 JavaThread "http-nio-9090-exec-3"       daemon [_thread_blocked, id=6436, stack(0x000000c8d5e00000,0x000000c8d5f00000) (1024K)]
  0x000001e7c9e70b50 JavaThread "http-nio-9090-exec-4"       daemon [_thread_blocked, id=11236, stack(0x000000c8d5f00000,0x000000c8d6000000) (1024K)]
  0x000001e7c9e71870 JavaThread "http-nio-9090-exec-5"       daemon [_thread_blocked, id=7312, stack(0x000000c8d6000000,0x000000c8d6100000) (1024K)]
  0x000001e7c9e6d040 JavaThread "http-nio-9090-exec-6"       daemon [_thread_blocked, id=14060, stack(0x000000c8d6100000,0x000000c8d6200000) (1024K)]
  0x000001e7c9e74660 JavaThread "http-nio-9090-exec-7"       daemon [_thread_blocked, id=10932, stack(0x000000c8d6200000,0x000000c8d6300000) (1024K)]
  0x000001e7c9e6e3f0 JavaThread "http-nio-9090-exec-8"       daemon [_thread_blocked, id=7264, stack(0x000000c8d6300000,0x000000c8d6400000) (1024K)]
  0x000001e7c9e6d6d0 JavaThread "http-nio-9090-exec-9"       daemon [_thread_blocked, id=16608, stack(0x000000c8d6400000,0x000000c8d6500000) (1024K)]
  0x000001e7c9e6f110 JavaThread "http-nio-9090-exec-10"      daemon [_thread_blocked, id=16984, stack(0x000000c8d6500000,0x000000c8d6600000) (1024K)]
  0x000001e7c9e6f7a0 JavaThread "http-nio-9090-Poller"       daemon [_thread_in_native, id=9784, stack(0x000000c8d6600000,0x000000c8d6700000) (1024K)]
  0x000001e7ffa9d880 JavaThread "http-nio-9090-Acceptor"     daemon [_thread_in_native, id=12148, stack(0x000000c8d6700000,0x000000c8d6800000) (1024K)]
  0x000001e7ffa9cb60 JavaThread "DestroyJavaVM"                     [_thread_blocked, id=11356, stack(0x000000c8d3a00000,0x000000c8d3b00000) (1024K)]
Total: 29

Other Threads:
  0x000001e7ffa70c30 VMThread "VM Thread"                           [id=13592, stack(0x000000c8d4100000,0x000000c8d4200000) (1024K)]
  0x000001e7ffa564a0 WatcherThread "VM Periodic Task Thread"        [id=676, stack(0x000000c8d4000000,0x000000c8d4100000) (1024K)]
  0x000001e7e733be20 WorkerThread "GC Thread#0"                     [id=10928, stack(0x000000c8d3b00000,0x000000c8d3c00000) (1024K)]
  0x000001e7ffa704f0 WorkerThread "GC Thread#1"                     [id=16716, stack(0x000000c8d4f00000,0x000000c8d5000000) (1024K)]
  0x000001e7ffa6f2d0 WorkerThread "GC Thread#2"                     [id=5292, stack(0x000000c8d5000000,0x000000c8d5100000) (1024K)]
  0x000001e7ffa6f670 WorkerThread "GC Thread#3"                     [id=1528, stack(0x000000c8d5100000,0x000000c8d5200000) (1024K)]
  0x000001e7ffa6fa10 WorkerThread "GC Thread#4"                     [id=18652, stack(0x000000c8d5200000,0x000000c8d5300000) (1024K)]
  0x000001e7ffa70890 WorkerThread "GC Thread#5"                     [id=17928, stack(0x000000c8d5300000,0x000000c8d5400000) (1024K)]
  0x000001e7ffa70150 WorkerThread "GC Thread#6"                     [id=10936, stack(0x000000c8d5500000,0x000000c8d5600000) (1024K)]
  0x000001e7c9b3a220 WorkerThread "GC Thread#7"                     [id=18872, stack(0x000000c8d5600000,0x000000c8d5700000) (1024K)]
  0x000001e7e7348bc0 ConcurrentGCThread "G1 Main Marker"            [id=2696, stack(0x000000c8d3c00000,0x000000c8d3d00000) (1024K)]
  0x000001e7e734b5e0 WorkerThread "G1 Conc#0"                       [id=15300, stack(0x000000c8d3d00000,0x000000c8d3e00000) (1024K)]
  0x000001e7c9b3a960 WorkerThread "G1 Conc#1"                       [id=10872, stack(0x000000c8d5400000,0x000000c8d5500000) (1024K)]
  0x000001e7ff9314a0 ConcurrentGCThread "G1 Refine#0"               [id=19820, stack(0x000000c8d3e00000,0x000000c8d3f00000) (1024K)]
  0x000001e7e73b7fb0 ConcurrentGCThread "G1 Service"                [id=17152, stack(0x000000c8d3f00000,0x000000c8d4000000) (1024K)]
Total: 15

Threads with active compile tasks:
C2 CompilerThread0  10020999 6286   !   4       jdk.internal.loader.BuiltinClassLoader::findClassOnClassPathOrNull (64 bytes)
Total: 1

VM state: not at safepoint (normal execution)

VM Mutex/Monitor currently owned by a thread: None

Heap address: 0x00000000a1c00000, size: 1508 MB, Compressed Oops mode: 32-bit

CDS archive(s) mapped at: [0x000001e784000000-0x000001e784c90000-0x000001e784c90000), size 13172736, SharedBaseAddress: 0x000001e784000000, ArchiveRelocationMode: 1.
Compressed class space mapped at: 0x000001e785000000-0x000001e7c5000000, reserved size: 1073741824
Narrow klass base: 0x000001e784000000, Narrow klass shift: 0, Narrow klass range: 0x100000000

GC Precious Log:
 CardTable entry size: 512
 Card Set container configuration: InlinePtr #cards 5 size 8 Array Of Cards #cards 12 size 40 Howl #buckets 4 coarsen threshold 1843 Howl Bitmap #cards 512 size 80 coarsen threshold 460 Card regions per heap region 1 cards per card region 2048
 CPUs: 8 total, 8 available
 Memory: 6030M
 Large Page Support: Disabled
 NUMA Support: Disabled
 Compressed Oops: Enabled (32-bit)
 Heap Region Size: 1M
 Heap Min Capacity: 8M
 Heap Initial Capacity: 96M
 Heap Max Capacity: 1508M
 Pre-touch: Disabled
 Parallel Workers: 8
 Concurrent Workers: 2
 Concurrent Refinement Workers: 8
 Periodic GC: Disabled

Heap:
 garbage-first heap   total 62464K, used 48939K [0x00000000a1c00000, 0x0000000100000000)
  region size 1024K, 25 young (25600K), 2 survivors (2048K)
 Metaspace       used 59940K, committed 60736K, reserved 1114112K
  class space    used 8062K, committed 8448K, reserved 1048576K

Heap Regions: E=young(eden), S=young(survivor), O=old, HS=humongous(starts), HC=humongous(continues), CS=collection set, F=free, TAMS=top-at-mark-start, PB=parsable bottom
|   0|0x00000000a1c00000, 0x00000000a1d00000, 0x00000000a1d00000|100%|HS|  |TAMS 0x00000000a1c00000| PB 0x00000000a1c00000| Complete 
|   1|0x00000000a1d00000, 0x00000000a1e00000, 0x00000000a1e00000|100%| O|  |TAMS 0x00000000a1d00000| PB 0x00000000a1d00000| Untracked 
|   2|0x00000000a1e00000, 0x00000000a1f00000, 0x00000000a1f00000|100%| O|  |TAMS 0x00000000a1e00000| PB 0x00000000a1e00000| Untracked 
|   3|0x00000000a1f00000, 0x00000000a2000000, 0x00000000a2000000|100%| O|  |TAMS 0x00000000a1f00000| PB 0x00000000a1f00000| Untracked 
|   4|0x00000000a2000000, 0x00000000a2100000, 0x00000000a2100000|100%| O|  |TAMS 0x00000000a2000000| PB 0x00000000a2000000| Untracked 
|   5|0x00000000a2100000, 0x00000000a2200000, 0x00000000a2200000|100%| O|  |TAMS 0x00000000a2100000| PB 0x00000000a2100000| Untracked 
|   6|0x00000000a2200000, 0x00000000a2300000, 0x00000000a2300000|100%| O|  |TAMS 0x00000000a2200000| PB 0x00000000a2200000| Untracked 
|   7|0x00000000a2300000, 0x00000000a2400000, 0x00000000a2400000|100%| O|  |TAMS 0x00000000a2300000| PB 0x00000000a2300000| Untracked 
|   8|0x00000000a2400000, 0x00000000a2500000, 0x00000000a2500000|100%| O|  |TAMS 0x00000000a2400000| PB 0x00000000a2400000| Untracked 
|   9|0x00000000a2500000, 0x00000000a2600000, 0x00000000a2600000|100%| O|  |TAMS 0x00000000a2500000| PB 0x00000000a2500000| Untracked 
|  10|0x00000000a2600000, 0x00000000a2700000, 0x00000000a2700000|100%| O|Cm|TAMS 0x00000000a2600000| PB 0x00000000a2600000| Complete 
|  11|0x00000000a2700000, 0x00000000a2800000, 0x00000000a2800000|100%| O|  |TAMS 0x00000000a2700000| PB 0x00000000a2700000| Untracked 
|  12|0x00000000a2800000, 0x00000000a2900000, 0x00000000a2900000|100%| O|  |TAMS 0x00000000a2800000| PB 0x00000000a2800000| Untracked 
|  13|0x00000000a2900000, 0x00000000a2a00000, 0x00000000a2a00000|100%| O|  |TAMS 0x00000000a2900000| PB 0x00000000a2900000| Untracked 
|  14|0x00000000a2a00000, 0x00000000a2b00000, 0x00000000a2b00000|100%| O|  |TAMS 0x00000000a2a00000| PB 0x00000000a2a00000| Untracked 
|  15|0x00000000a2b00000, 0x00000000a2c00000, 0x00000000a2c00000|100%| O|  |TAMS 0x00000000a2b00000| PB 0x00000000a2b00000| Untracked 
|  16|0x00000000a2c00000, 0x00000000a2d00000, 0x00000000a2d00000|100%| O|Cm|TAMS 0x00000000a2c00000| PB 0x00000000a2c00000| Complete 
|  17|0x00000000a2d00000, 0x00000000a2e00000, 0x00000000a2e00000|100%| O|  |TAMS 0x00000000a2d00000| PB 0x00000000a2d00000| Untracked 
|  18|0x00000000a2e00000, 0x00000000a2e00000, 0x00000000a2f00000|  0%| F|  |TAMS 0x00000000a2e00000| PB 0x00000000a2e00000| Untracked 
|  19|0x00000000a2f00000, 0x00000000a3000000, 0x00000000a3000000|100%| O|  |TAMS 0x00000000a2f00000| PB 0x00000000a2f00000| Untracked 
|  20|0x00000000a3000000, 0x00000000a3000000, 0x00000000a3100000|  0%| F|  |TAMS 0x00000000a3000000| PB 0x00000000a3000000| Untracked 
|  21|0x00000000a3100000, 0x00000000a3100000, 0x00000000a3200000|  0%| F|  |TAMS 0x00000000a3100000| PB 0x00000000a3100000| Untracked 
|  22|0x00000000a3200000, 0x00000000a3200000, 0x00000000a3300000|  0%| F|  |TAMS 0x00000000a3200000| PB 0x00000000a3200000| Untracked 
|  23|0x00000000a3300000, 0x00000000a3300000, 0x00000000a3400000|  0%| F|  |TAMS 0x00000000a3300000| PB 0x00000000a3300000| Untracked 
|  24|0x00000000a3400000, 0x00000000a3500000, 0x00000000a3500000|100%| O|  |TAMS 0x00000000a3400000| PB 0x00000000a3400000| Untracked 
|  25|0x00000000a3500000, 0x00000000a3600000, 0x00000000a3600000|100%| O|  |TAMS 0x00000000a3500000| PB 0x00000000a3500000| Untracked 
|  26|0x00000000a3600000, 0x00000000a36b3318, 0x00000000a3700000| 69%| O|  |TAMS 0x00000000a3600000| PB 0x00000000a3600000| Untracked 
|  27|0x00000000a3700000, 0x00000000a3700000, 0x00000000a3800000|  0%| F|  |TAMS 0x00000000a3700000| PB 0x00000000a3700000| Untracked 
|  28|0x00000000a3800000, 0x00000000a3800000, 0x00000000a3900000|  0%| F|  |TAMS 0x00000000a3800000| PB 0x00000000a3800000| Untracked 
|  29|0x00000000a3900000, 0x00000000a3900000, 0x00000000a3a00000|  0%| F|  |TAMS 0x00000000a3900000| PB 0x00000000a3900000| Untracked 
|  30|0x00000000a3a00000, 0x00000000a3a00000, 0x00000000a3b00000|  0%| F|  |TAMS 0x00000000a3a00000| PB 0x00000000a3a00000| Untracked 
|  31|0x00000000a3b00000, 0x00000000a3b00000, 0x00000000a3c00000|  0%| F|  |TAMS 0x00000000a3b00000| PB 0x00000000a3b00000| Untracked 
|  32|0x00000000a3c00000, 0x00000000a3c00000, 0x00000000a3d00000|  0%| F|  |TAMS 0x00000000a3c00000| PB 0x00000000a3c00000| Untracked 
|  33|0x00000000a3d00000, 0x00000000a3d63c08, 0x00000000a3e00000| 38%| E|  |TAMS 0x00000000a3d00000| PB 0x00000000a3d00000| Complete 
|  34|0x00000000a3e00000, 0x00000000a3e17c20, 0x00000000a3f00000|  9%| S|CS|TAMS 0x00000000a3e00000| PB 0x00000000a3e00000| Complete 
|  35|0x00000000a3f00000, 0x00000000a4000000, 0x00000000a4000000|100%| S|CS|TAMS 0x00000000a3f00000| PB 0x00000000a3f00000| Complete 
|  36|0x00000000a4000000, 0x00000000a4100000, 0x00000000a4100000|100%| E|CS|TAMS 0x00000000a4000000| PB 0x00000000a4000000| Complete 
|  37|0x00000000a4100000, 0x00000000a4200000, 0x00000000a4200000|100%| E|CS|TAMS 0x00000000a4100000| PB 0x00000000a4100000| Complete 
|  38|0x00000000a4200000, 0x00000000a4300000, 0x00000000a4300000|100%| E|CS|TAMS 0x00000000a4200000| PB 0x00000000a4200000| Complete 
|  39|0x00000000a4300000, 0x00000000a4400000, 0x00000000a4400000|100%| E|CS|TAMS 0x00000000a4300000| PB 0x00000000a4300000| Complete 
|  40|0x00000000a4400000, 0x00000000a4500000, 0x00000000a4500000|100%| E|CS|TAMS 0x00000000a4400000| PB 0x00000000a4400000| Complete 
|  41|0x00000000a4500000, 0x00000000a4600000, 0x00000000a4600000|100%| E|CS|TAMS 0x00000000a4500000| PB 0x00000000a4500000| Complete 
|  42|0x00000000a4600000, 0x00000000a4700000, 0x00000000a4700000|100%| E|CS|TAMS 0x00000000a4600000| PB 0x00000000a4600000| Complete 
|  43|0x00000000a4700000, 0x00000000a4800000, 0x00000000a4800000|100%| E|CS|TAMS 0x00000000a4700000| PB 0x00000000a4700000| Complete 
|  44|0x00000000a4800000, 0x00000000a4900000, 0x00000000a4900000|100%| E|CS|TAMS 0x00000000a4800000| PB 0x00000000a4800000| Complete 
|  45|0x00000000a4900000, 0x00000000a4a00000, 0x00000000a4a00000|100%| E|CS|TAMS 0x00000000a4900000| PB 0x00000000a4900000| Complete 
|  46|0x00000000a4a00000, 0x00000000a4b00000, 0x00000000a4b00000|100%| E|CS|TAMS 0x00000000a4a00000| PB 0x00000000a4a00000| Complete 
|  47|0x00000000a4b00000, 0x00000000a4c00000, 0x00000000a4c00000|100%| E|CS|TAMS 0x00000000a4b00000| PB 0x00000000a4b00000| Complete 
|  48|0x00000000a4c00000, 0x00000000a4d00000, 0x00000000a4d00000|100%| E|CS|TAMS 0x00000000a4c00000| PB 0x00000000a4c00000| Complete 
|  49|0x00000000a4d00000, 0x00000000a4e00000, 0x00000000a4e00000|100%| E|CS|TAMS 0x00000000a4d00000| PB 0x00000000a4d00000| Complete 
|  50|0x00000000a4e00000, 0x00000000a4f00000, 0x00000000a4f00000|100%| E|CS|TAMS 0x00000000a4e00000| PB 0x00000000a4e00000| Complete 
|  51|0x00000000a4f00000, 0x00000000a5000000, 0x00000000a5000000|100%| E|CS|TAMS 0x00000000a4f00000| PB 0x00000000a4f00000| Complete 
|  52|0x00000000a5000000, 0x00000000a5100000, 0x00000000a5100000|100%| E|CS|TAMS 0x00000000a5000000| PB 0x00000000a5000000| Complete 
|  53|0x00000000a5100000, 0x00000000a5200000, 0x00000000a5200000|100%| E|CS|TAMS 0x00000000a5100000| PB 0x00000000a5100000| Complete 
|  54|0x00000000a5200000, 0x00000000a5300000, 0x00000000a5300000|100%| E|CS|TAMS 0x00000000a5200000| PB 0x00000000a5200000| Complete 
|  55|0x00000000a5300000, 0x00000000a5400000, 0x00000000a5400000|100%| E|CS|TAMS 0x00000000a5300000| PB 0x00000000a5300000| Complete 
|  56|0x00000000a5400000, 0x00000000a5500000, 0x00000000a5500000|100%| E|CS|TAMS 0x00000000a5400000| PB 0x00000000a5400000| Complete 
|  95|0x00000000a7b00000, 0x00000000a7c00000, 0x00000000a7c00000|100%| E|CS|TAMS 0x00000000a7b00000| PB 0x00000000a7b00000| Complete 
|1505|0x00000000ffd00000, 0x00000000ffe00000, 0x00000000ffe00000|100%| O|  |TAMS 0x00000000ffd00000| PB 0x00000000ffd00000| Untracked 
|1506|0x00000000ffe00000, 0x00000000fff00000, 0x00000000fff00000|100%| O|  |TAMS 0x00000000ffe00000| PB 0x00000000ffe00000| Untracked 
|1507|0x00000000fff00000, 0x0000000100000000, 0x0000000100000000|100%| O|  |TAMS 0x00000000fff00000| PB 0x00000000fff00000| Untracked 

Card table byte_map: [0x000001e7fed90000,0x000001e7ff090000] _byte_map_base: 0x000001e7fe882000

Marking Bits: (CMBitMap*) 0x000001e7e733c430
 Bits: [0x000001e780000000, 0x000001e781790000)

Polling page: 0x000001e7e5490000

Metaspace:

Usage:
  Non-class:     50.66 MB used.
      Class:      7.87 MB used.
       Both:     58.54 MB used.

Virtual space:
  Non-class space:       64.00 MB reserved,      51.06 MB ( 80%) committed,  1 nodes.
      Class space:        1.00 GB reserved,       8.25 MB ( <1%) committed,  1 nodes.
             Both:        1.06 GB reserved,      59.31 MB (  5%) committed. 

Chunk freelists:
   Non-Class:  12.33 MB
       Class:  7.83 MB
        Both:  20.16 MB

MaxMetaspaceSize: unlimited
CompressedClassSpaceSize: 1.00 GB
Initial GC threshold: 21.00 MB
Current GC threshold: 98.69 MB
CDS: on
 - commit_granule_bytes: 65536.
 - commit_granule_words: 8192.
 - virtual_space_node_default_size: 8388608.
 - enlarge_chunks_in_place: 1.
 - use_allocation_guard: 0.


Internal statistics:

num_allocs_failed_limit: 9.
num_arena_births: 948.
num_arena_deaths: 272.
num_vsnodes_births: 2.
num_vsnodes_deaths: 0.
num_space_committed: 949.
num_space_uncommitted: 0.
num_chunks_returned_to_freelist: 319.
num_chunks_taken_from_freelist: 3235.
num_chunk_merges: 87.
num_chunk_splits: 2241.
num_chunks_enlarged: 1694.
num_inconsistent_stats: 0.

CodeHeap 'non-profiled nmethods': size=120000Kb used=3396Kb max_used=3497Kb free=116603Kb
 bounds [0x000001e7f7230000, 0x000001e7f75b0000, 0x000001e7fe760000]
CodeHeap 'profiled nmethods': size=120000Kb used=10567Kb max_used=11029Kb free=109432Kb
 bounds [0x000001e7ef760000, 0x000001e7f0230000, 0x000001e7f6c90000]
CodeHeap 'non-nmethods': size=5760Kb used=1666Kb max_used=1709Kb free=4093Kb
 bounds [0x000001e7f6c90000, 0x000001e7f6f00000, 0x000001e7f7230000]
 total_blobs=6419 nmethods=5711 adapters=612
 compilation: enabled
              stopped_count=0, restarted_count=0
 full_count=0

Compilation events (20 events):
Event: 10020.522 Thread 0x000001e7ffac8190 6297       3       java.lang.Class::reflectionData (43 bytes)
Event: 10020.523 Thread 0x000001e7ffac8190 nmethod 6297 0x000001e7ef961210 code [0x000001e7ef9613e0, 0x000001e7ef9617e8]
Event: 10020.523 Thread 0x000001e7ffac8190 6295       3       java.util.concurrent.atomic.AtomicReferenceArray::lazySet (13 bytes)
Event: 10020.525 Thread 0x000001e7ffac8190 nmethod 6295 0x000001e7ef9bf810 code [0x000001e7ef9bfb00, 0x000001e7ef9c0ae8]
Event: 10020.525 Thread 0x000001e7ffac8190 6296       3       java.lang.invoke.VarHandleReferences$Array::setRelease (61 bytes)
Event: 10020.526 Thread 0x000001e7ffac8190 nmethod 6296 0x000001e7ef964090 code [0x000001e7ef964340, 0x000001e7ef9650f8]
Event: 10020.526 Thread 0x000001e7ffac8190 6298       1       com.fasterxml.jackson.databind.util.internal.PrivateMaxEntriesMap$Node::getPrevious (5 bytes)
Event: 10020.526 Thread 0x000001e7ffac8190 nmethod 6298 0x000001e7f7339310 code [0x000001e7f73394a0, 0x000001e7f7339568]
Event: 10020.533 Thread 0x000001e7ffac8190 6300       3       com.fasterxml.jackson.core.type.ResolvedType::isReferenceType (13 bytes)
Event: 10020.534 Thread 0x000001e7ffac8190 nmethod 6300 0x000001e7ef87c290 code [0x000001e7ef87c440, 0x000001e7ef87c718]
Event: 10020.534 Thread 0x000001e7ffac8190 6301       3       com.fasterxml.jackson.databind.JavaType::getReferencedType (5 bytes)
Event: 10020.534 Thread 0x000001e7ffac8190 nmethod 6301 0x000001e7ef956590 code [0x000001e7ef956740, 0x000001e7ef956930]
Event: 10020.534 Thread 0x000001e7ffac8190 6302       3       java.lang.Thread::getId (5 bytes)
Event: 10020.534 Thread 0x000001e7ffac8190 nmethod 6302 0x000001e7ef91c110 code [0x000001e7ef91c2a0, 0x000001e7ef91c3c8]
Event: 10020.534 Thread 0x000001e7ffac8190 6303       1       com.fasterxml.jackson.databind.introspect.AnnotatedParameter::getOwner (5 bytes)
Event: 10020.534 Thread 0x000001e7ffac8190 nmethod 6303 0x000001e7f7338e90 code [0x000001e7f7339020, 0x000001e7f73390e8]
Event: 10020.534 Thread 0x000001e7ffac8190 6304       1       com.fasterxml.jackson.databind.util.internal.PrivateMaxEntriesMap$Node::setNext (6 bytes)
Event: 10020.534 Thread 0x000001e7ffac8190 nmethod 6304 0x000001e7f7393990 code [0x000001e7f7393b20, 0x000001e7f7393c30]
Event: 10020.534 Thread 0x000001e7ffac8190 6305       1       com.fasterxml.jackson.databind.util.internal.PrivateMaxEntriesMap$Node::setPrevious (6 bytes)
Event: 10020.535 Thread 0x000001e7ffac8190 nmethod 6305 0x000001e7f7393690 code [0x000001e7f7393820, 0x000001e7f7393930]

GC Heap History (20 events):
Event: 695.895 GC heap before
{Heap before GC invocations=11 (full 0):
 garbage-first heap   total 62464K, used 52898K [0x00000000a1c00000, 0x0000000100000000)
  region size 1024K, 32 young (32768K), 5 survivors (5120K)
 Metaspace       used 56996K, committed 57664K, reserved 1114112K
  class space    used 7652K, committed 7936K, reserved 1048576K
}
Event: 696.041 GC heap after
{Heap after GC invocations=12 (full 0):
 garbage-first heap   total 62464K, used 26193K [0x00000000a1c00000, 0x0000000100000000)
  region size 1024K, 1 young (1024K), 1 survivors (1024K)
 Metaspace       used 56996K, committed 57664K, reserved 1114112K
  class space    used 7652K, committed 7936K, reserved 1048576K
}
Event: 1665.169 GC heap before
{Heap before GC invocations=12 (full 0):
 garbage-first heap   total 62464K, used 54865K [0x00000000a1c00000, 0x0000000100000000)
  region size 1024K, 29 young (29696K), 1 survivors (1024K)
 Metaspace       used 57015K, committed 57728K, reserved 1114112K
  class space    used 7652K, committed 7936K, reserved 1048576K
}
Event: 1665.219 GC heap after
{Heap after GC invocations=13 (full 0):
 garbage-first heap   total 62464K, used 25917K [0x00000000a1c00000, 0x0000000100000000)
  region size 1024K, 1 young (1024K), 1 survivors (1024K)
 Metaspace       used 57015K, committed 57728K, reserved 1114112K
  class space    used 7652K, committed 7936K, reserved 1048576K
}
Event: 2672.161 GC heap before
{Heap before GC invocations=13 (full 0):
 garbage-first heap   total 62464K, used 55613K [0x00000000a1c00000, 0x0000000100000000)
  region size 1024K, 30 young (30720K), 1 survivors (1024K)
 Metaspace       used 57044K, committed 57728K, reserved 1114112K
  class space    used 7652K, committed 7936K, reserved 1048576K
}
Event: 2672.202 GC heap after
{Heap after GC invocations=14 (full 0):
 garbage-first heap   total 62464K, used 25851K [0x00000000a1c00000, 0x0000000100000000)
  region size 1024K, 1 young (1024K), 1 survivors (1024K)
 Metaspace       used 57044K, committed 57728K, reserved 1114112K
  class space    used 7652K, committed 7936K, reserved 1048576K
}
Event: 3720.822 GC heap before
{Heap before GC invocations=14 (full 0):
 garbage-first heap   total 62464K, used 56571K [0x00000000a1c00000, 0x0000000100000000)
  region size 1024K, 31 young (31744K), 1 survivors (1024K)
 Metaspace       used 57044K, committed 57728K, reserved 1114112K
  class space    used 7652K, committed 7936K, reserved 1048576K
}
Event: 3720.895 GC heap after
{Heap after GC invocations=15 (full 0):
 garbage-first heap   total 62464K, used 25836K [0x00000000a1c00000, 0x0000000100000000)
  region size 1024K, 1 young (1024K), 1 survivors (1024K)
 Metaspace       used 57044K, committed 57728K, reserved 1114112K
  class space    used 7652K, committed 7936K, reserved 1048576K
}
Event: 4756.252 GC heap before
{Heap before GC invocations=15 (full 0):
 garbage-first heap   total 62464K, used 56556K [0x00000000a1c00000, 0x0000000100000000)
  region size 1024K, 31 young (31744K), 1 survivors (1024K)
 Metaspace       used 57050K, committed 57728K, reserved 1114112K
  class space    used 7652K, committed 7936K, reserved 1048576K
}
Event: 4756.286 GC heap after
{Heap after GC invocations=16 (full 0):
 garbage-first heap   total 62464K, used 25815K [0x00000000a1c00000, 0x0000000100000000)
  region size 1024K, 1 young (1024K), 1 survivors (1024K)
 Metaspace       used 57050K, committed 57728K, reserved 1114112K
  class space    used 7652K, committed 7936K, reserved 1048576K
}
Event: 5794.686 GC heap before
{Heap before GC invocations=16 (full 0):
 garbage-first heap   total 62464K, used 56535K [0x00000000a1c00000, 0x0000000100000000)
  region size 1024K, 31 young (31744K), 1 survivors (1024K)
 Metaspace       used 57058K, committed 57728K, reserved 1114112K
  class space    used 7652K, committed 7936K, reserved 1048576K
}
Event: 5794.730 GC heap after
{Heap after GC invocations=17 (full 0):
 garbage-first heap   total 62464K, used 25825K [0x00000000a1c00000, 0x0000000100000000)
  region size 1024K, 1 young (1024K), 1 survivors (1024K)
 Metaspace       used 57058K, committed 57728K, reserved 1114112K
  class space    used 7652K, committed 7936K, reserved 1048576K
}
Event: 6824.065 GC heap before
{Heap before GC invocations=17 (full 0):
 garbage-first heap   total 62464K, used 56545K [0x00000000a1c00000, 0x0000000100000000)
  region size 1024K, 31 young (31744K), 1 survivors (1024K)
 Metaspace       used 57058K, committed 57728K, reserved 1114112K
  class space    used 7652K, committed 7936K, reserved 1048576K
}
Event: 6824.119 GC heap after
{Heap after GC invocations=18 (full 0):
 garbage-first heap   total 62464K, used 25826K [0x00000000a1c00000, 0x0000000100000000)
  region size 1024K, 1 young (1024K), 1 survivors (1024K)
 Metaspace       used 57058K, committed 57728K, reserved 1114112K
  class space    used 7652K, committed 7936K, reserved 1048576K
}
Event: 7869.252 GC heap before
{Heap before GC invocations=18 (full 0):
 garbage-first heap   total 62464K, used 56546K [0x00000000a1c00000, 0x0000000100000000)
  region size 1024K, 31 young (31744K), 1 survivors (1024K)
 Metaspace       used 57058K, committed 57728K, reserved 1114112K
  class space    used 7652K, committed 7936K, reserved 1048576K
}
Event: 7869.317 GC heap after
{Heap after GC invocations=19 (full 0):
 garbage-first heap   total 62464K, used 25814K [0x00000000a1c00000, 0x0000000100000000)
  region size 1024K, 1 young (1024K), 1 survivors (1024K)
 Metaspace       used 57058K, committed 57728K, reserved 1114112K
  class space    used 7652K, committed 7936K, reserved 1048576K
}
Event: 8916.931 GC heap before
{Heap before GC invocations=19 (full 0):
 garbage-first heap   total 62464K, used 56534K [0x00000000a1c00000, 0x0000000100000000)
  region size 1024K, 31 young (31744K), 1 survivors (1024K)
 Metaspace       used 57058K, committed 57728K, reserved 1114112K
  class space    used 7652K, committed 7936K, reserved 1048576K
}
Event: 8916.992 GC heap after
{Heap after GC invocations=20 (full 0):
 garbage-first heap   total 62464K, used 25842K [0x00000000a1c00000, 0x0000000100000000)
  region size 1024K, 1 young (1024K), 1 survivors (1024K)
 Metaspace       used 57058K, committed 57728K, reserved 1114112K
  class space    used 7652K, committed 7936K, reserved 1048576K
}
Event: 9358.353 GC heap before
{Heap before GC invocations=20 (full 0):
 garbage-first heap   total 62464K, used 46322K [0x00000000a1c00000, 0x0000000100000000)
  region size 1024K, 23 young (23552K), 1 survivors (1024K)
 Metaspace       used 59695K, committed 60416K, reserved 1114112K
  class space    used 8018K, committed 8384K, reserved 1048576K
}
Event: 9358.378 GC heap after
{Heap after GC invocations=21 (full 0):
 garbage-first heap   total 62464K, used 26411K [0x00000000a1c00000, 0x0000000100000000)
  region size 1024K, 2 young (2048K), 2 survivors (2048K)
 Metaspace       used 59695K, committed 60416K, reserved 1114112K
  class space    used 8018K, committed 8384K, reserved 1048576K
}

Dll operation events (15 events):
Event: 0.163 Loaded shared library C:\Program Files\Java\jdk-21\bin\java.dll
Event: 0.215 Loaded shared library C:\Program Files\Java\jdk-21\bin\jsvml.dll
Event: 0.324 Loaded shared library C:\Program Files\Java\jdk-21\bin\zip.dll
Event: 0.330 Loaded shared library C:\Program Files\Java\jdk-21\bin\instrument.dll
Event: 0.339 Loaded shared library C:\Program Files\Java\jdk-21\bin\net.dll
Event: 0.343 Loaded shared library C:\Program Files\Java\jdk-21\bin\nio.dll
Event: 0.348 Loaded shared library C:\Program Files\Java\jdk-21\bin\zip.dll
Event: 0.629 Loaded shared library E:\titiosf\IntelliJ IDEA Community Edition 2023.3.2\bin\breakgen64.dll
Event: 0.654 Loaded shared library C:\Program Files\Java\jdk-21\bin\extnet.dll
Event: 0.669 Loaded shared library C:\Program Files\Java\jdk-21\bin\jimage.dll
Event: 1.333 Loaded shared library C:\Program Files\Java\jdk-21\bin\management.dll
Event: 1.341 Loaded shared library C:\Program Files\Java\jdk-21\bin\management_ext.dll
Event: 2.800 Loaded shared library C:\Program Files\Java\jdk-21\bin\sunmscapi.dll
Event: 6.446 Loaded shared library C:\Users\WANDER-TS\AppData\Local\Temp\sqlite-3.43.2.0-8fc09026-b356-4af8-bd22-29ace7f12099-sqlitejdbc.dll
Event: 7.232 Loaded shared library C:\Program Files\Java\jdk-21\bin\verify.dll

Deoptimization events (20 events):
Event: 9358.413 Thread 0x000001e7c9e71870 Uncommon trap: trap_request=0xffffff45 fr.pc=0x000001e7f7241ccc relative=0x000000000000012c
Event: 9358.413 Thread 0x000001e7c9e71870 Uncommon trap: reason=unstable_if action=reinterpret pc=0x000001e7f7241ccc method=java.lang.StringCoding.countPositives([BII)I @ 17 c2
Event: 9358.413 Thread 0x000001e7c9e71870 DEOPT PACKING pc=0x000001e7f7241ccc sp=0x000000c8d60f9c40
Event: 9358.413 Thread 0x000001e7c9e71870 DEOPT UNPACKING pc=0x000001e7f6ce46a2 sp=0x000000c8d60f9bc8 mode 2
Event: 9358.674 Thread 0x000001e7c9e71870 Uncommon trap: trap_request=0xfffffff4 fr.pc=0x000001e7f74029cc relative=0x0000000000007ecc
Event: 9358.676 Thread 0x000001e7c9e71870 Uncommon trap: reason=null_check action=make_not_entrant pc=0x000001e7f74029cc method=java.util.jar.JarFile.getManifestFromReference()Ljava/util/jar/Manifest; @ 14 c2
Event: 9358.676 Thread 0x000001e7c9e71870 DEOPT PACKING pc=0x000001e7f74029cc sp=0x000000c8d60fcb20
Event: 9358.676 Thread 0x000001e7c9e71870 DEOPT UNPACKING pc=0x000001e7f6ce46a2 sp=0x000000c8d60fc990 mode 2
Event: 9358.710 Thread 0x000001e7c9e71870 Uncommon trap: trap_request=0xfffffff4 fr.pc=0x000001e7f73a3a1c relative=0x000000000000015c
Event: 9358.710 Thread 0x000001e7c9e71870 Uncommon trap: reason=null_check action=make_not_entrant pc=0x000001e7f73a3a1c method=java.lang.Class.reflectionData()Ljava/lang/Class$ReflectionData; @ 18 c2
Event: 9358.710 Thread 0x000001e7c9e71870 DEOPT PACKING pc=0x000001e7f73a3a1c sp=0x000000c8d60fbfd0
Event: 9358.710 Thread 0x000001e7c9e71870 DEOPT UNPACKING pc=0x000001e7f6ce46a2 sp=0x000000c8d60fbf80 mode 2
Event: 9358.721 Thread 0x000001e7c9e71870 Uncommon trap: trap_request=0xfffffff4 fr.pc=0x000001e7f72acdb4 relative=0x00000000000003d4
Event: 9358.721 Thread 0x000001e7c9e71870 Uncommon trap: reason=null_check action=make_not_entrant pc=0x000001e7f72acdb4 method=java.lang.Class.reflectionData()Ljava/lang/Class$ReflectionData; @ 18 c2
Event: 9358.721 Thread 0x000001e7c9e71870 DEOPT PACKING pc=0x000001e7f72acdb4 sp=0x000000c8d60fd690
Event: 9358.721 Thread 0x000001e7c9e71870 DEOPT UNPACKING pc=0x000001e7f6ce46a2 sp=0x000000c8d60fd5c8 mode 2
Event: 10020.515 Thread 0x000001e7c9e6e3f0 Uncommon trap: trap_request=0xffffff45 fr.pc=0x000001e7f7378c84 relative=0x0000000000000224
Event: 10020.516 Thread 0x000001e7c9e6e3f0 Uncommon trap: reason=unstable_if action=reinterpret pc=0x000001e7f7378c84 method=java.util.HashMap.getNode(Ljava/lang/Object;)Ljava/util/HashMap$Node; @ 66 c2
Event: 10020.517 Thread 0x000001e7c9e6e3f0 DEOPT PACKING pc=0x000001e7f7378c84 sp=0x000000c8d63fcc30
Event: 10020.517 Thread 0x000001e7c9e6e3f0 DEOPT UNPACKING pc=0x000001e7f6ce46a2 sp=0x000000c8d63fcb50 mode 2

Classes loaded (20 events):
Event: 10020.010 Loading class java/util/stream/ReferencePipeline$4
Event: 10020.026 Loading class java/util/stream/ReferencePipeline$4 done
Event: 10020.028 Loading class java/util/function/IntBinaryOperator
Event: 10020.031 Loading class java/util/function/IntBinaryOperator done
Event: 10020.039 Loading class java/util/stream/ReduceOps$7
Event: 10020.044 Loading class java/util/stream/ReduceOps$7 done
Event: 10020.045 Loading class java/util/stream/ReduceOps$6ReducingSink
Event: 10020.046 Loading class java/util/stream/ReduceOps$6ReducingSink done
Event: 10020.047 Loading class java/util/stream/ReferencePipeline$4$1
Event: 10020.050 Loading class java/util/stream/ReferencePipeline$4$1 done
Event: 10020.227 Loading class java/io/PrintWriter$1
Event: 10020.228 Loading class jdk/internal/access/JavaIOPrintWriterAccess
Event: 10020.228 Loading class jdk/internal/access/JavaIOPrintWriterAccess done
Event: 10020.228 Loading class java/io/PrintWriter$1 done
Event: 10020.229 Loading class java/lang/Throwable$WrappedPrintWriter
Event: 10020.230 Loading class java/lang/Throwable$PrintStreamOrWriter
Event: 10020.230 Loading class java/lang/Throwable$PrintStreamOrWriter done
Event: 10020.230 Loading class java/lang/Throwable$WrappedPrintWriter done
Event: 10020.266 Loading class java/util/AbstractMap$SimpleEntry
Event: 10020.268 Loading class java/util/AbstractMap$SimpleEntry done

Classes unloaded (20 events):
Event: 9358.486 Thread 0x000001e7ffa70c30 Unloading class 0x000001e785110000 'java/lang/invoke/LambdaForm$MH+0x000001e785110000'
Event: 9358.486 Thread 0x000001e7ffa70c30 Unloading class 0x000001e785109c00 'java/lang/invoke/LambdaForm$MH+0x000001e785109c00'
Event: 9358.486 Thread 0x000001e7ffa70c30 Unloading class 0x000001e785091800 'java/lang/invoke/LambdaForm$MH+0x000001e785091800'
Event: 9358.486 Thread 0x000001e7ffa70c30 Unloading class 0x000001e785091400 'java/lang/invoke/LambdaForm$MH+0x000001e785091400'
Event: 9358.486 Thread 0x000001e7ffa70c30 Unloading class 0x000001e78503dc00 'java/lang/invoke/LambdaForm$MH+0x000001e78503dc00'
Event: 9358.487 Thread 0x000001e7ffa70c30 Unloading class 0x000001e785013400 'java/lang/invoke/LambdaForm$MH+0x000001e785013400'
Event: 9358.487 Thread 0x000001e7ffa70c30 Unloading class 0x000001e785012800 'java/lang/invoke/LambdaForm$MH+0x000001e785012800'
Event: 9358.487 Thread 0x000001e7ffa70c30 Unloading class 0x000001e785012400 'java/lang/invoke/LambdaForm$MH+0x000001e785012400'
Event: 9358.487 Thread 0x000001e7ffa70c30 Unloading class 0x000001e785011c00 'java/lang/invoke/LambdaForm$MH+0x000001e785011c00'
Event: 9358.487 Thread 0x000001e7ffa70c30 Unloading class 0x000001e785011800 'java/lang/invoke/LambdaForm$MH+0x000001e785011800'
Event: 9358.487 Thread 0x000001e7ffa70c30 Unloading class 0x000001e785011400 'java/lang/invoke/LambdaForm$MH+0x000001e785011400'
Event: 9358.487 Thread 0x000001e7ffa70c30 Unloading class 0x000001e785010800 'java/lang/invoke/LambdaForm$MH+0x000001e785010800'
Event: 9358.487 Thread 0x000001e7ffa70c30 Unloading class 0x000001e78500d800 'java/lang/invoke/LambdaForm$MH+0x000001e78500d800'
Event: 9358.487 Thread 0x000001e7ffa70c30 Unloading class 0x000001e78500cc00 'java/lang/invoke/LambdaForm$MH+0x000001e78500cc00'
Event: 9358.487 Thread 0x000001e7ffa70c30 Unloading class 0x000001e78500c400 'java/lang/invoke/LambdaForm$MH+0x000001e78500c400'
Event: 9358.487 Thread 0x000001e7ffa70c30 Unloading class 0x000001e78500c000 'java/lang/invoke/LambdaForm$MH+0x000001e78500c000'
Event: 9358.487 Thread 0x000001e7ffa70c30 Unloading class 0x000001e785002400 'java/lang/invoke/LambdaForm$MH+0x000001e785002400'
Event: 9358.487 Thread 0x000001e7ffa70c30 Unloading class 0x000001e785002000 'java/lang/invoke/LambdaForm$MH+0x000001e785002000'
Event: 9358.487 Thread 0x000001e7ffa70c30 Unloading class 0x000001e785001c00 'java/lang/invoke/LambdaForm$MH+0x000001e785001c00'
Event: 9358.487 Thread 0x000001e7ffa70c30 Unloading class 0x000001e785001400 'java/lang/invoke/LambdaForm$MH+0x000001e785001400'

Classes redefined (0 events):
No events

Internal exceptions (20 events):
Event: 12.187 Thread 0x000001e7ffa9d1f0 Exception <a 'java/lang/NoSuchMethodError'{0x00000000a5368498}: 'java.lang.Object java.lang.invoke.DirectMethodHandle$Holder.newInvokeSpecial(java.lang.Object, java.lang.Object, int, java.lang.Object, java.lang.Object)'> (0x00000000a5368498) 
thrown [s\open\src\hotspot\share\interpreter\linkResolver.cpp, line 773]
Event: 12.189 Thread 0x000001e7ffa9d1f0 Exception <a 'java/lang/NoSuchMethodError'{0x00000000a5373250}: 'java.lang.Object java.lang.invoke.DirectMethodHandle$Holder.invokeSpecial(java.lang.Object, java.lang.Object, int, java.lang.Object, int, java.lang.Object)'> (0x00000000a5373250) 
thrown [s\open\src\hotspot\share\interpreter\linkResolver.cpp, line 773]
Event: 12.190 Thread 0x000001e7ffa9d1f0 Exception <a 'java/lang/NoSuchMethodError'{0x00000000a537a6b0}: 'java.lang.Object java.lang.invoke.DirectMethodHandle$Holder.newInvokeSpecial(java.lang.Object, java.lang.Object, int, java.lang.Object, int)'> (0x00000000a537a6b0) 
thrown [s\open\src\hotspot\share\interpreter\linkResolver.cpp, line 773]
Event: 12.190 Thread 0x000001e7ffa9d1f0 Exception <a 'java/lang/NoSuchMethodError'{0x00000000a537e520}: 'java.lang.Object java.lang.invoke.DirectMethodHandle$Holder.invokeSpecial(java.lang.Object, java.lang.Object, java.lang.Object, int, java.lang.Object, int)'> (0x00000000a537e520) 
thrown [s\open\src\hotspot\share\interpreter\linkResolver.cpp, line 773]
Event: 47.320 Thread 0x000001e7c9e73fd0 Exception <a 'java/lang/NoSuchMethodError'{0x00000000a4d52f70}: 'java.lang.Object java.lang.invoke.DirectMethodHandle$Holder.invokeSpecial(java.lang.Object, java.lang.Object, java.lang.Object, java.lang.Object, java.lang.Object, long)'> (0x00000000a4d52f70) 
thrown [s\open\src\hotspot\share\interpreter\linkResolver.cpp, line 773]
Event: 47.320 Thread 0x000001e7c9e73fd0 Exception <a 'java/lang/NoSuchMethodError'{0x00000000a4d56730}: 'java.lang.Object java.lang.invoke.Invokers$Holder.linkToTargetMethod(java.lang.Object, java.lang.Object, java.lang.Object, long, java.lang.Object)'> (0x00000000a4d56730) 
thrown [s\open\src\hotspot\share\interpreter\linkResolver.cpp, line 773]
Event: 5389.243 Thread 0x000001e7c9e72c20 Implicit null exception at 0x000001e7f7577c4e to 0x000001e7f7577f14
Event: 5390.242 Thread 0x000001e7c9e711e0 Implicit null exception at 0x000001e7f7577c4e to 0x000001e7f7577f14
Event: 5391.240 Thread 0x000001e7c9e711e0 Implicit null exception at 0x000001e7f7577c4e to 0x000001e7f7577f14
Event: 5392.242 Thread 0x000001e7c9e711e0 Implicit null exception at 0x000001e7f7577c4e to 0x000001e7f7577f14
Event: 9358.125 Thread 0x000001e7c9e71870 Exception <a 'java/lang/NoSuchMethodError'{0x00000000a42874f0}: 'java.lang.Object java.lang.invoke.DirectMethodHandle$Holder.invokeInterface(java.lang.Object, java.lang.Object, java.lang.Object, java.lang.Object)'> (0x00000000a42874f0) 
thrown [s\open\src\hotspot\share\interpreter\linkResolver.cpp, line 773]
Event: 9358.133 Thread 0x000001e7c9e71870 Exception <a 'java/lang/NoSuchMethodError'{0x00000000a429adc0}: 'java.lang.Object java.lang.invoke.DirectMethodHandle$Holder.invokeInterface(java.lang.Object, java.lang.Object, java.lang.Object, java.lang.Object, java.lang.Object)'> (0x00000000a429adc0) 
thrown [s\open\src\hotspot\share\interpreter\linkResolver.cpp, line 773]
Event: 9358.170 Thread 0x000001e7c9e71870 Exception <a 'java/lang/NoSuchMethodError'{0x00000000a42ef220}: 'void java.lang.invoke.DirectMethodHandle$Holder.invokeSpecialIFC(java.lang.Object, java.lang.Object, int, java.lang.Object, java.lang.Object, java.lang.Object, java.lang.Object)'> (0x00000000a42ef220) 
thrown [s\open\src\hotspot\share\interpreter\linkResolver.cpp, line 773]
Event: 9358.411 Thread 0x000001e7c9e71870 Exception <a 'java/lang/NoSuchMethodError'{0x00000000a7b34eb8}: 'java.lang.Object java.lang.invoke.DirectMethodHandle$Holder.invokeSpecial(java.lang.Object, java.lang.Object, int, java.lang.Object, long)'> (0x00000000a7b34eb8) 
thrown [s\open\src\hotspot\share\interpreter\linkResolver.cpp, line 773]
Event: 9358.442 Thread 0x000001e7c9e71870 Exception <a 'java/lang/NoSuchMethodError'{0x00000000a7b8f318}: 'java.lang.Object java.lang.invoke.DirectMethodHandle$Holder.newInvokeSpecial(java.lang.Object, java.lang.Object, long)'> (0x00000000a7b8f318) 
thrown [s\open\src\hotspot\share\interpreter\linkResolver.cpp, line 773]
Event: 9358.443 Thread 0x000001e7c9e71870 Exception <a 'java/lang/NoSuchMethodError'{0x00000000a7b931b8}: 'java.lang.Object java.lang.invoke.Invokers$Holder.linkToTargetMethod(java.lang.Object, long, java.lang.Object)'> (0x00000000a7b931b8) 
thrown [s\open\src\hotspot\share\interpreter\linkResolver.cpp, line 773]
Event: 9358.672 Thread 0x000001e7c9e71870 Implicit null exception at 0x000001e7f73fb61d to 0x000001e7f74029a8
Event: 9358.710 Thread 0x000001e7c9e71870 Implicit null exception at 0x000001e7f73a3911 to 0x000001e7f73a3a05
Event: 9358.721 Thread 0x000001e7c9e71870 Implicit null exception at 0x000001e7f72aca40 to 0x000001e7f72acd90
Event: 10019.083 Thread 0x000001e7c9e6e3f0 Exception <a 'java/lang/NoSuchMethodError'{0x00000000a419ba48}: 'java.lang.Object java.lang.invoke.DirectMethodHandle$Holder.invokeStatic(java.lang.Object, int, int)'> (0x00000000a419ba48) 
thrown [s\open\src\hotspot\share\interpreter\linkResolver.cpp, line 773]

ZGC Phase Switch (0 events):
No events

VM Operations (20 events):
Event: 9358.453 Executing VM operation: HandshakeAllThreads (Deoptimize)
Event: 9358.453 Executing VM operation: HandshakeAllThreads (Deoptimize) done
Event: 9358.469 Executing VM operation: G1PauseRemark
Event: 9358.661 Executing VM operation: G1PauseRemark done
Event: 9358.703 Executing VM operation: G1PauseCleanup
Event: 9358.703 Executing VM operation: G1PauseCleanup done
Event: 9359.715 Executing VM operation: Cleanup
Event: 9359.715 Executing VM operation: Cleanup done
Event: 9364.726 Executing VM operation: Cleanup
Event: 9364.726 Executing VM operation: Cleanup done
Event: 9381.308 Executing VM operation: HandshakeAllThreads (HandshakeForDeflation)
Event: 9381.308 Executing VM operation: HandshakeAllThreads (HandshakeForDeflation) done
Event: 9381.308 Executing VM operation: RendezvousGCThreads
Event: 9381.308 Executing VM operation: RendezvousGCThreads done
Event: 9515.204 Executing VM operation: Cleanup
Event: 9515.207 Executing VM operation: Cleanup done
Event: 10018.711 Executing VM operation: Cleanup
Event: 10018.727 Executing VM operation: Cleanup done
Event: 10019.740 Executing VM operation: Cleanup
Event: 10019.756 Executing VM operation: Cleanup done

Events (20 events):
Event: 9358.647 Thread 0x000001e7ffa70c30 flushing nmethod 0x000001e7f7363710
Event: 9358.647 Thread 0x000001e7ffa70c30 flushing nmethod 0x000001e7f739c910
Event: 9358.647 Thread 0x000001e7ffa70c30 flushing nmethod 0x000001e7f7393390
Event: 9358.647 Thread 0x000001e7ffa70c30 flushing nmethod 0x000001e7f738a210
Event: 9358.647 Thread 0x000001e7ffa70c30 flushing nmethod 0x000001e7f7360410
Event: 9358.647 Thread 0x000001e7ffa70c30 flushing nmethod 0x000001e7f735fb90
Event: 9358.647 Thread 0x000001e7ffa70c30 flushing nmethod 0x000001e7f735e710
Event: 9358.647 Thread 0x000001e7ffa70c30 flushing nmethod 0x000001e7f7379090
Event: 9358.647 Thread 0x000001e7ffa70c30 flushing nmethod 0x000001e7f7338e90
Event: 9358.647 Thread 0x000001e7ffa70c30 flushing nmethod 0x000001e7f7344d90
Event: 9358.647 Thread 0x000001e7ffa70c30 flushing nmethod 0x000001e7f731c810
Event: 9358.647 Thread 0x000001e7ffa70c30 flushing nmethod 0x000001e7f7300790
Event: 9358.647 Thread 0x000001e7ffa70c30 flushing nmethod 0x000001e7f72f6610
Event: 9358.647 Thread 0x000001e7ffa70c30 flushing nmethod 0x000001e7f72da210
Event: 9358.647 Thread 0x000001e7ffa70c30 flushing nmethod 0x000001e7f72a6490
Event: 9358.647 Thread 0x000001e7ffa70c30 flushing nmethod 0x000001e7f72a6190
Event: 9358.647 Thread 0x000001e7ffa70c30 flushing nmethod 0x000001e7f72a7a90
Event: 9358.647 Thread 0x000001e7ffa70c30 flushing nmethod 0x000001e7f7294790
Event: 9358.647 Thread 0x000001e7ffa70c30 flushing nmethod 0x000001e7f7293490
Event: 9358.647 Thread 0x000001e7ffa70c30 flushing nmethod 0x000001e7f7230a10


Dynamic libraries:
0x00007ff75f850000 - 0x00007ff75f860000 	C:\Program Files\Java\jdk-21\bin\java.exe
0x00007ff9cb290000 - 0x00007ff9cb488000 	C:\Windows\SYSTEM32\ntdll.dll
0x00007ff9c9960000 - 0x00007ff9c9a1d000 	C:\Windows\System32\KERNEL32.DLL
0x00007ff9c8ea0000 - 0x00007ff9c9196000 	C:\Windows\System32\KERNELBASE.dll
0x00007ff9c8a60000 - 0x00007ff9c8b60000 	C:\Windows\System32\ucrtbase.dll
0x00007ff9c0e60000 - 0x00007ff9c0e7b000 	C:\Program Files\Java\jdk-21\bin\VCRUNTIME140.dll
0x00007ff9c17e0000 - 0x00007ff9c17f9000 	C:\Program Files\Java\jdk-21\bin\jli.dll
0x00007ff9c98b0000 - 0x00007ff9c9960000 	C:\Windows\System32\ADVAPI32.dll
0x00007ff9ca790000 - 0x00007ff9ca82e000 	C:\Windows\System32\msvcrt.dll
0x00007ff9c92c0000 - 0x00007ff9c9360000 	C:\Windows\System32\sechost.dll
0x00007ff9ca060000 - 0x00007ff9ca185000 	C:\Windows\System32\RPCRT4.dll
0x00007ff9c8940000 - 0x00007ff9c8967000 	C:\Windows\System32\bcrypt.dll
0x00007ff9c93c0000 - 0x00007ff9c955e000 	C:\Windows\System32\USER32.dll
0x00007ff9c8cc0000 - 0x00007ff9c8ce2000 	C:\Windows\System32\win32u.dll
0x00007ff9b7400000 - 0x00007ff9b769a000 	C:\Windows\WinSxS\amd64_microsoft.windows.common-controls_6595b64144ccf1df_6.0.19041.3636_none_60b6a03d71f818d5\COMCTL32.dll
0x00007ff9c96d0000 - 0x00007ff9c96fb000 	C:\Windows\System32\GDI32.dll
0x00007ff9c8d80000 - 0x00007ff9c8e97000 	C:\Windows\System32\gdi32full.dll
0x00007ff9c8970000 - 0x00007ff9c8a0d000 	C:\Windows\System32\msvcp_win.dll
0x00007ff9c03f0000 - 0x00007ff9c03fa000 	C:\Windows\SYSTEM32\VERSION.dll
0x00007ff9ca8a0000 - 0x00007ff9ca8d2000 	C:\Windows\System32\IMM32.DLL
0x00007ff9c3200000 - 0x00007ff9c320c000 	C:\Program Files\Java\jdk-21\bin\vcruntime140_1.dll
0x00007ff9b8790000 - 0x00007ff9b881e000 	C:\Program Files\Java\jdk-21\bin\msvcp140.dll
0x00007ff99de30000 - 0x00007ff99eb47000 	C:\Program Files\Java\jdk-21\bin\server\jvm.dll
0x00007ff9ca830000 - 0x00007ff9ca89b000 	C:\Windows\System32\WS2_32.dll
0x00007ff9c87a0000 - 0x00007ff9c87eb000 	C:\Windows\SYSTEM32\POWRPROF.dll
0x00007ff9be440000 - 0x00007ff9be467000 	C:\Windows\SYSTEM32\WINMM.dll
0x00007ff9c8780000 - 0x00007ff9c8792000 	C:\Windows\SYSTEM32\UMPDC.dll
0x00007ff9c67f0000 - 0x00007ff9c6802000 	C:\Windows\SYSTEM32\kernel.appcore.dll
0x00007ff9c30f0000 - 0x00007ff9c30fa000 	C:\Program Files\Java\jdk-21\bin\jimage.dll
0x00007ff9bfad0000 - 0x00007ff9bfcb4000 	C:\Windows\SYSTEM32\DBGHELP.DLL
0x00007ff9b4b10000 - 0x00007ff9b4b44000 	C:\Windows\SYSTEM32\dbgcore.DLL
0x00007ff9c8cf0000 - 0x00007ff9c8d72000 	C:\Windows\System32\bcryptPrimitives.dll
0x00007ff9c43d0000 - 0x00007ff9c43df000 	C:\Program Files\Java\jdk-21\bin\instrument.dll
0x00007ff9be490000 - 0x00007ff9be4af000 	C:\Program Files\Java\jdk-21\bin\java.dll
0x00007ff9ca8e0000 - 0x00007ff9cb04b000 	C:\Windows\System32\SHELL32.dll
0x00007ff9c69f0000 - 0x00007ff9c718e000 	C:\Windows\SYSTEM32\windows.storage.dll
0x00007ff9ca190000 - 0x00007ff9ca4e3000 	C:\Windows\System32\combase.dll
0x00007ff9c82a0000 - 0x00007ff9c82ce000 	C:\Windows\SYSTEM32\Wldp.dll
0x00007ff9c9f30000 - 0x00007ff9c9ffd000 	C:\Windows\System32\OLEAUT32.dll
0x00007ff9c9620000 - 0x00007ff9c96cd000 	C:\Windows\System32\SHCORE.dll
0x00007ff9c95c0000 - 0x00007ff9c9615000 	C:\Windows\System32\shlwapi.dll
0x00007ff9c8870000 - 0x00007ff9c8895000 	C:\Windows\SYSTEM32\profapi.dll
0x00007ff9a2800000 - 0x00007ff9a28d7000 	C:\Program Files\Java\jdk-21\bin\jsvml.dll
0x00007ff9bb080000 - 0x00007ff9bb098000 	C:\Program Files\Java\jdk-21\bin\zip.dll
0x00007ff9bb0c0000 - 0x00007ff9bb0d0000 	C:\Program Files\Java\jdk-21\bin\net.dll
0x00007ff9c2a80000 - 0x00007ff9c2b8a000 	C:\Windows\SYSTEM32\WINHTTP.dll
0x00007ff9c8000000 - 0x00007ff9c806a000 	C:\Windows\system32\mswsock.dll
0x00007ff9bb0a0000 - 0x00007ff9bb0b6000 	C:\Program Files\Java\jdk-21\bin\nio.dll
0x00007ff9c3460000 - 0x00007ff9c347a000 	E:\titiosf\IntelliJ IDEA Community Edition 2023.3.2\bin\breakgen64.dll
0x00007ff9baf30000 - 0x00007ff9baf39000 	C:\Program Files\Java\jdk-21\bin\extnet.dll
0x00007ff9c43c0000 - 0x00007ff9c43ca000 	C:\Program Files\Java\jdk-21\bin\management.dll
0x00007ff9c42f0000 - 0x00007ff9c42fb000 	C:\Program Files\Java\jdk-21\bin\management_ext.dll
0x00007ff9ca520000 - 0x00007ff9ca528000 	C:\Windows\System32\PSAPI.DLL
0x00007ff9c3b00000 - 0x00007ff9c3b0e000 	C:\Program Files\Java\jdk-21\bin\sunmscapi.dll
0x00007ff9c8b60000 - 0x00007ff9c8cbd000 	C:\Windows\System32\CRYPT32.dll
0x00007ff9c8310000 - 0x00007ff9c8338000 	C:\Windows\SYSTEM32\ncrypt.dll
0x00007ff9c82d0000 - 0x00007ff9c830b000 	C:\Windows\SYSTEM32\NTASN1.dll
0x00007ff9c8200000 - 0x00007ff9c8218000 	C:\Windows\SYSTEM32\CRYPTSP.dll
0x00007ff9c7930000 - 0x00007ff9c7964000 	C:\Windows\system32\rsaenh.dll
0x00007ff9c87f0000 - 0x00007ff9c881e000 	C:\Windows\SYSTEM32\USERENV.dll
0x00007ff9c81f0000 - 0x00007ff9c81fc000 	C:\Windows\SYSTEM32\CRYPTBASE.dll
0x00007ff9c7cf0000 - 0x00007ff9c7d2b000 	C:\Windows\SYSTEM32\IPHLPAPI.DLL
0x00007ff9ca510000 - 0x00007ff9ca518000 	C:\Windows\System32\NSI.dll
0x00007ff99da60000 - 0x00007ff99db4f000 	C:\Users\WANDER-TS\AppData\Local\Temp\sqlite-3.43.2.0-8fc09026-b356-4af8-bd22-29ace7f12099-sqlitejdbc.dll
0x00007ff9ba050000 - 0x00007ff9ba060000 	C:\Program Files\Java\jdk-21\bin\verify.dll
0x00007ff9be480000 - 0x00007ff9be487000 	C:\Windows\system32\wshunix.dll

dbghelp: loaded successfully - version: 4.0.5 - missing functions: none
symbol engine: initialized successfully - sym options: 0x614 - pdb path: .;C:\Program Files\Java\jdk-21\bin;C:\Windows\SYSTEM32;C:\Windows\WinSxS\amd64_microsoft.windows.common-controls_6595b64144ccf1df_6.0.19041.3636_none_60b6a03d71f818d5;C:\Program Files\Java\jdk-21\bin\server;E:\titiosf\IntelliJ IDEA Community Edition 2023.3.2\bin;C:\Users\WANDER-TS\AppData\Local\Temp

VM Arguments:
jvm_args: -javaagent:E:\titiosf\IntelliJ IDEA Community Edition 2023.3.2\lib\idea_rt.jar=50577:E:\titiosf\IntelliJ IDEA Community Edition 2023.3.2\bin -Dfile.encoding=UTF-8 -Dsun.stdout.encoding=UTF-8 -Dsun.stderr.encoding=UTF-8 
java_command: pe.edu.idat.ApigymApplication
java_class_path (initial): C:\Users\WANDER-TS\Desktop\apiGym\ApiRestGYM\target\classes;C:\Users\WANDER-TS\.m2\repository\org\springframework\boot\spring-boot-starter-data-jpa\3.2.3\spring-boot-starter-data-jpa-3.2.3.jar;C:\Users\WANDER-TS\.m2\repository\org\springframework\boot\spring-boot-starter-aop\3.2.3\spring-boot-starter-aop-3.2.3.jar;C:\Users\WANDER-TS\.m2\repository\org\springframework\spring-aop\6.1.4\spring-aop-6.1.4.jar;C:\Users\WANDER-TS\.m2\repository\org\aspectj\aspectjweaver\1.9.21\aspectjweaver-1.9.21.jar;C:\Users\WANDER-TS\.m2\repository\org\springframework\boot\spring-boot-starter-jdbc\3.2.3\spring-boot-starter-jdbc-3.2.3.jar;C:\Users\WANDER-TS\.m2\repository\com\zaxxer\HikariCP\5.0.1\HikariCP-5.0.1.jar;C:\Users\WANDER-TS\.m2\repository\org\springframework\spring-jdbc\6.1.4\spring-jdbc-6.1.4.jar;C:\Users\WANDER-TS\.m2\repository\org\hibernate\orm\hibernate-core\6.4.4.Final\hibernate-core-6.4.4.Final.jar;C:\Users\WANDER-TS\.m2\repository\jakarta\persistence\jakarta.persistence-api\3.1.0\jakarta.persistence-api-3.1.0.jar;C:\Users\WANDER-TS\.m2\repository\jakarta\transaction\jakarta.transaction-api\2.0.1\jakarta.transaction-api-2.0.1.jar;C:\Users\WANDER-TS\.m2\repository\org\hibernate\common\hibernate-commons-annotations\6.0.6.Final\hibernate-commons-annotations-6.0.6.Final.jar;C:\Users\WANDER-TS\.m2\repository\io\smallrye\jandex\3.1.2\jandex-3.1.2.jar;C:\Users\WANDER-TS\.m2\repository\com\fasterxml\classmate\1.6.0\classmate-1.6.0.jar;C:\Users\WANDER-TS\.m2\repository\net\bytebuddy\byte-buddy\1.14.12\byte-buddy-1.14.12.jar;C:\Users\WANDER-TS\.m2\repository\org\glassfish\jaxb\jaxb-runtime\4.0.4\jaxb-runtime-4.0.4.jar;C:\Users\WANDER-TS\.m2\repository\org\glassfish\jaxb\jaxb-core\4.0.4\jaxb-core-4.0.4.jar;C:\Users\WANDER-TS\.m2\repository\org\eclipse\angus\angus-activation\2.0.1\angus-activation-2.0.1.jar;C:\Users\WANDER-TS\.m2\repository\org\glassfish\jaxb\txw2\4.0.4\txw2-4.0.4.jar;C:\Users\WANDER-TS\.m2\repository\com\sun\istack\istack-commons-runtime\4.1.2\istack-commons-runtime-4.1.2.jar;C:\Users\WANDER-TS\.m2\repository\jakarta\inject\jakarta.inject-api\2.0.1\jakarta.inject-api-2.0.1.jar;C:\Users\WANDER-TS\.m2\repository\org\antlr\antlr4-runtime\4.13.0\antlr4-runtime-4.13.0.jar;C:\Users\WANDER-TS\.m2\repository\org\springframework\data\spring-data-jpa\3.2.3\spring-data-jpa-3.2.3.jar;C:\Users\WANDER-TS\.m2\repository\org\springframework\data\spring-data-commons\3.2.3\spring-data-commons-3.2.3.jar;C:\Users\WANDER-TS\.m2\repository\org\springframework\spring-orm\6.1.4\spring-orm-6.1.4.jar;C:\Users\WANDER-TS\.m2\repository\org\springframework\spring-context\6.1.4\spring-context-6.1.4.jar;C:\Users\WANDER-TS\.m2\repository\org\springframework\spring-tx\6.1.4\spring-tx-6.1.4.jar;C:\Users\WANDER-TS\.m2\repository\org\springframework\spring-beans\6.1.4\spring-beans-6.1.4.jar;C:\Users\WANDER-TS\.m2\repository\jakarta\annotation\jakarta.annotation-api\2.1.1\jakarta.annotation-api-2.1.1.jar;C:\Users\WANDER-TS\.m2\repository\org\springframework\spring-aspects\6.1.4\spring-aspects-6.1.4.jar;C:\Users\WANDER-TS\.m2\repository\org\springframework\boot\spring-boot-starter-web\3.2.3\spring-boot-starter-web-3.2.3.jar;C:\Users\WANDER-TS\.m2\repository\org\springframework\boot\spring-boot-starter\3.2.3\spring-boot-starter-3.2.3.jar;C:\Users\WANDER-TS\.m2\repository\org\springframework\boot\spring-boot-starter-logging\3.2.3\spring-boot-starter-logging-3.2.3.jar;C:\Users\WANDER-TS\.m2\repository\ch\qos\logback\logback-classic\1.4.14\logback-classic-1.4.14.jar;C:\Users\WANDER-TS\.m2\repository\ch\qos\logback\logback-core\1.4.14\logback-core-1.4.14.jar;C:\Users\WANDER-TS\.m2\repository\org\apache\logging\log4j\log4j-to-slf4j\2.21.1\log4j-to-slf4j-2.21.1.jar;C:\Users\WANDER-TS\.m2\repository\org\apache\logging\log4j\log4j-api\2.21.1\log4j-api-2.21.1.jar;C:\Users\WANDER-TS\.m2\repository\org\slf4j\jul-to-slf4j\2.0.12\jul-to-slf4j-2.0.12.jar;C:\Users\WANDER-TS\.m2\repository\org\yaml\snakeyaml\2.2\snakeyaml-2.2.jar;C:\Users\WANDER-TS\.m2\repository\org\springframework\boot\spring-boot-starter-json\3.2.3\spring-boot-starter-json-3.2.3.jar;C:\Users\WANDER-TS\.m2\repository\com\fasterxml\jackson\core\jackson-databind\2.15.4\jackson-databind-2.15.4.jar;C:\Users\WANDER-TS\.m2\repository\com\fasterxml\jackson\core\jackson-annotations\2.15.4\jackson-annotations-2.15.4.jar;C:\Users\WANDER-TS\.m2\repository\com\fasterxml\jackson\core\jackson-core\2.15.4\jackson-core-2.15.4.jar;C:\Users\WANDER-TS\.m2\repository\com\fasterxml\jackson\datatype\jackson-datatype-jdk8\2.15.4\jackson-datatype-jdk8-2.15.4.jar;C:\Users\WANDER-TS\.m2\repository\com\fasterxml\jackson\datatype\jackson-datatype-jsr310\2.15.4\jackson-datatype-jsr310-2.15.4.jar;C:\Users\WANDER-TS\.m2\repository\com\fasterxml\jackson\module\jackson-module-parameter-names\2.15.4\jackson-module-parameter-names-2.15.4.jar;C:\Users\WANDER-TS\.m2\repository\org\springframework\boot\spring-boot-starter-tomcat\3.2.3\spring-boot-starter-tomcat-3.2.3.jar;C:\Users\WANDER-TS\.m2\repository\org\apache\tomcat\embed\tomcat-embed-core\10.1.19\tomcat-embed-core-10.1.19.jar;C:\Users\WANDER-TS\.m2\repository\org\apache\tomcat\embed\tomcat-embed-el\10.1.19\tomcat-embed-el-10.1.19.jar;C:\Users\WANDER-TS\.m2\repository\org\apache\tomcat\embed\tomcat-embed-websocket\10.1.19\tomcat-embed-websocket-10.1.19.jar;C:\Users\WANDER-TS\.m2\repository\org\springframework\spring-web\6.1.4\spring-web-6.1.4.jar;C:\Users\WANDER-TS\.m2\repository\io\micrometer\micrometer-observation\1.12.3\micrometer-observation-1.12.3.jar;C:\Users\WANDER-TS\.m2\repository\io\micrometer\micrometer-commons\1.12.3\micrometer-commons-1.12.3.jar;C:\Users\WANDER-TS\.m2\repository\org\springframework\spring-webmvc\6.1.4\spring-webmvc-6.1.4.jar;C:\Users\WANDER-TS\.m2\repository\org\springframework\spring-expression\6.1.4\spring-expression-6.1.4.jar;C:\Users\WANDER-TS\.m2\repository\org\springframework\boot\spring-boot-devtools\3.2.3\spring-boot-devtools-3.2.3.jar;C:\Users\WANDER-TS\.m2\repository\org\springframework\boot\spring-boot\3.2.3\spring-boot-3.2.3.jar;C:\Users\WANDER-TS\.m2\repository\org\springframework\boot\spring-boot-autoconfigure\3.2.3\spring-boot-autoconfigure-3.2.3.jar;C:\Users\WANDER-TS\.m2\repository\org\projectlombok\lombok\1.18.30\lombok-1.18.30.jar;C:\Users\WANDER-TS\.m2\repository\jakarta\xml\bind\jakarta.xml.bind-api\4.0.1\jakarta.xml.bind-api-4.0.1.jar;C:\Users\WANDER-TS\.m2\repository\jakarta\activation\jakarta.activation-api\2.1.2\jakarta.activation-api-2.1.2.jar;C:\Users\WANDER-TS\.m2\repository\org\springframework\spring-core\6.1.4\spring-core-6.1.4.jar;C:\Users\WANDER-TS\.m2\repository\org\springframework\spring-jcl\6.1.4\spring-jcl-6.1.4.jar;C:\Users\WANDER-TS\.m2\repository\org\xerial\sqlite-jdbc\3.43.2.0\sqlite-jdbc-3.43.2.0.jar;C:\Users\WANDER-TS\.m2\repository\org\slf4j\slf4j-api\2.0.12\slf4j-api-2.0.12.jar;C:\Users\WANDER-TS\.m2\repository\org\hibernate\orm\hibernate-community-dialects\6.4.4.Final\hibernate-community-dialects-6.4.4.Final.jar;C:\Users\WANDER-TS\.m2\repository\org\jboss\logging\jboss-logging\3.5.3.Final\jboss-logging-3.5.3.Final.jar
Launcher Type: SUN_STANDARD

[Global flags]
     intx CICompilerCount                          = 4                                         {product} {ergonomic}
     uint ConcGCThreads                            = 2                                         {product} {ergonomic}
     uint G1ConcRefinementThreads                  = 8                                         {product} {ergonomic}
   size_t G1HeapRegionSize                         = 1048576                                   {product} {ergonomic}
    uintx GCDrainStackTargetSize                   = 64                                        {product} {ergonomic}
   size_t InitialHeapSize                          = 100663296                                 {product} {ergonomic}
   size_t MarkStackSize                            = 4194304                                   {product} {ergonomic}
   size_t MaxHeapSize                              = 1581252608                                {product} {ergonomic}
   size_t MaxNewSize                               = 947912704                                 {product} {ergonomic}
   size_t MinHeapDeltaBytes                        = 1048576                                   {product} {ergonomic}
   size_t MinHeapSize                              = 8388608                                   {product} {ergonomic}
    uintx NonNMethodCodeHeapSize                   = 5839372                                {pd product} {ergonomic}
    uintx NonProfiledCodeHeapSize                  = 122909434                              {pd product} {ergonomic}
    uintx ProfiledCodeHeapSize                     = 122909434                              {pd product} {ergonomic}
    uintx ReservedCodeCacheSize                    = 251658240                              {pd product} {ergonomic}
     bool SegmentedCodeCache                       = true                                      {product} {ergonomic}
   size_t SoftMaxHeapSize                          = 1581252608                             {manageable} {ergonomic}
     bool UseCompressedOops                        = true                           {product lp64_product} {ergonomic}
     bool UseG1GC                                  = true                                      {product} {ergonomic}
     bool UseLargePagesIndividualAllocation        = false                                  {pd product} {ergonomic}

Logging:
Log output configuration:
 #0: stdout all=warning uptime,level,tags foldmultilines=false
 #1: stderr all=off uptime,level,tags foldmultilines=false

Environment Variables:
JAVA_HOME=C:\Program Files (x86)\Java\jdk1.8.0_45
PATH=C:\Python312\Scripts\;C:\Python312\;C:\ProgramData\Oracle\Java\javapath;C:\Program Files\Common Files\Oracle\Java\javapath;C:\Program Files (x86)\Common Files\Oracle\Java\javapath;C:\Program Files\Microsoft\jdk-11.0.16.101-hotspot\bin;C:\Windows\system32;C:\Windows;C:\Windows\System32\Wbem;C:\Windows\System32\WindowsPowerShell\v1.0\;C:\Windows\System32\OpenSSH\;C:\Program Files (x86)\Microsoft SQL Server\160\Tools\Binn\;C:\Program Files\Microsoft SQL Server\160\Tools\Binn\;C:\Program Files\Microsoft SQL Server\Client SDK\ODBC\170\Tools\Binn\;C:\Program Files\Microsoft SQL Server\160\DTS\Binn\;C:\Program Files (x86)\Microsoft SQL Server\160\DTS\Binn\;C:\Program Files\Azure Data Studio\bin;C:\Program Files (x86)\Rational\common;C:\Program Files\Microsoft SQL Server\150\Tools\Binn\;C:\Program Files\nodejs\;C:\ProgramData\chocolatey\bin;C:\Program Files\Git\cmd;E:\software\sqllite;C:\Users\WANDER-TS\AppData\Local\Programs\Python\Python311\Scripts\;C:\Users\WANDER-TS\AppData\Local\Programs\Python\Python311\;C:\Users\WANDER-TS\AppData\Local\Microsoft\WindowsApps;C:\Users\WANDER-TS\AppData\Local\Programs\Microsoft VS Code\bin;C:\Program Files\Azure Data Studio\bin;C:\Users\WANDER-TS\AppData\Local\Programs\Python\Python311\Lib\site-packages\escpos\__init__.py;C:\Users\WANDER-TS\AppData\Roaming\npm;C:\apache-maven-3.8.6\bin;E:\software\sqllite;;E:\titiosf\IntelliJ IDEA Community Edition 2023.3.2\bin;
USERNAME=WANDER-TS
OS=Windows_NT
PROCESSOR_IDENTIFIER=AMD64 Family 23 Model 24 Stepping 1, AuthenticAMD
TMP=C:\Users\WANDER~1\AppData\Local\Temp
TEMP=C:\Users\WANDER~1\AppData\Local\Temp




Periodic native trim disabled

---------------  S Y S T E M  ---------------

OS:
 Windows 10 , 64 bit Build 19041 (10.0.19041.3636)
OS uptime: 5 days 10:57 hours

CPU: total 8 (initial active 8) (8 cores per cpu, 2 threads per core) family 23 model 24 stepping 1 microcode 0x0, cx8, cmov, fxsr, ht, mmx, 3dnowpref, sse, sse2, sse3, ssse3, sse4a, sse4.1, sse4.2, popcnt, lzcnt, tsc, tscinvbit, avx, avx2, aes, clmul, bmi1, bmi2, adx, sha, fma, vzeroupper, clflush, clflushopt, rdtscp, f16c
Processor Information for all 8 processors :
  Max Mhz: 2100, Current Mhz: 2100, Mhz Limit: 2100

Memory: 4k page, system-wide physical 6030M (389M free)
TotalPageFile size 17804M (AvailPageFile size 10M)
current process WorkingSet (physical memory assigned to process): 98M, peak: 235M
current process commit charge ("private bytes"): 274M, peak: 276M

vm_info: Java HotSpot(TM) 64-Bit Server VM (21.0.2+13-LTS-58) for windows-amd64 JRE (21.0.2+13-LTS-58), built on 2024-01-05T18:32:24Z by "mach5one" with MS VC++ 17.1 (VS2022)

END.
